----------------------------------------------------------------
Wed Jan 31 12:39:12 NPT 2024:
Booting Derby version The Apache Software Foundation - Apache Derby - 10.16.1.1 - (1901046): instance a816c00e-018d-5e4b-f304-0000021c5ab0 
on database directory memory:C:\Users\MODERN\Documents\workspace-spring-tool-suite-4-4.18.1.RELEASE\pos_application\16f6ccae-70d7-4bc7-949c-c1b1f600fede with class loader jdk.internal.loader.ClassLoaders$AppClassLoader@4b1210ee 
Loaded from file:/C:/Users/MODERN/.m2/repository/org/apache/derby/derby/10.16.1.1/derby-10.16.1.1.jar
java.vendor=Oracle Corporation
java.runtime.version=19.0.2+7-44
user.dir=C:\Users\MODERN\Documents\workspace-spring-tool-suite-4-4.18.1.RELEASE\pos_application
os.name=Windows 11
os.arch=amd64
os.version=10.0
derby.system.home=null
Database Class Loader started - derby.database.classpath=''
----------------------------------------------------------------
Wed Jan 31 12:39:36 NPT 2024:
Shutting down instance a816c00e-018d-5e4b-f304-0000021c5ab0 on database directory memory:C:\Users\MODERN\Documents\workspace-spring-tool-suite-4-4.18.1.RELEASE\pos_application\16f6ccae-70d7-4bc7-949c-c1b1f600fede with class loader jdk.internal.loader.ClassLoaders$AppClassLoader@4b1210ee 
----------------------------------------------------------------
Wed Jan 31 12:39:37 NPT 2024:
Booting Derby version The Apache Software Foundation - Apache Derby - 10.16.1.1 - (1901046): instance e66540fa-018d-5e4b-f304-0000021c5ab0 
on database directory memory:C:\Users\MODERN\Documents\workspace-spring-tool-suite-4-4.18.1.RELEASE\pos_application\00b36c8d-3815-4770-a2e7-88ec2976a4d8 with class loader jdk.internal.loader.ClassLoaders$AppClassLoader@4b1210ee 
Loaded from file:/C:/Users/MODERN/.m2/repository/org/apache/derby/derby/10.16.1.1/derby-10.16.1.1.jar
java.vendor=Oracle Corporation
java.runtime.version=19.0.2+7-44
user.dir=C:\Users\MODERN\Documents\workspace-spring-tool-suite-4-4.18.1.RELEASE\pos_application
os.name=Windows 11
os.arch=amd64
os.version=10.0
derby.system.home=null
Database Class Loader started - derby.database.classpath=''
----------------------------------------------------------------
Wed Jan 31 12:39:39 NPT 2024:
Shutting down instance e66540fa-018d-5e4b-f304-0000021c5ab0 on database directory memory:C:\Users\MODERN\Documents\workspace-spring-tool-suite-4-4.18.1.RELEASE\pos_application\00b36c8d-3815-4770-a2e7-88ec2976a4d8 with class loader jdk.internal.loader.ClassLoaders$AppClassLoader@4b1210ee 
----------------------------------------------------------------
Wed Jan 31 12:39:40 NPT 2024:
Booting Derby version The Apache Software Foundation - Apache Derby - 10.16.1.1 - (1901046): instance 5b17c1e6-018d-5e4b-f304-0000021c5ab0 
on database directory memory:C:\Users\MODERN\Documents\workspace-spring-tool-suite-4-4.18.1.RELEASE\pos_application\e1e2889b-082f-4233-b6ad-451c1af4640c with class loader jdk.internal.loader.ClassLoaders$AppClassLoader@4b1210ee 
Loaded from file:/C:/Users/MODERN/.m2/repository/org/apache/derby/derby/10.16.1.1/derby-10.16.1.1.jar
java.vendor=Oracle Corporation
java.runtime.version=19.0.2+7-44
user.dir=C:\Users\MODERN\Documents\workspace-spring-tool-suite-4-4.18.1.RELEASE\pos_application
os.name=Windows 11
os.arch=amd64
os.version=10.0
derby.system.home=null
Database Class Loader started - derby.database.classpath=''
----------------------------------------------------------------
Wed Jan 31 13:19:03 NPT 2024:
Shutting down instance 5b17c1e6-018d-5e4b-f304-0000021c5ab0 on database directory memory:C:\Users\MODERN\Documents\workspace-spring-tool-suite-4-4.18.1.RELEASE\pos_application\e1e2889b-082f-4233-b6ad-451c1af4640c with class loader jdk.internal.loader.ClassLoaders$AppClassLoader@4b1210ee 
